# Server version 0.08 running on 192.168.2.10:8123
# Game ID: 555
# Board class: bohnenspiel.BohnenspielBoard
# Timeout: 300000
# First Move Timeout: 30000
# Date: Sun Apr 09 13:50:54 EDT 2017
# Player 1: Player-0, '260556530', running on 192.168.2.10
# Player 2: Player-1, 'GreedyPlayer', running on 192.168.2.10
START Player-0 260556530
START Player-1 GreedyPlayer
PIT 0 1
PIT 1 1
PIT 0 0
PIT 1 0
PIT 0 5
PIT 1 4
PIT 0 0
PIT 1 2
PIT 1 5
PIT 0 5
PIT 1 3
PIT 0 0
PIT 1 0
PIT 0 1
PIT 1 1
PIT 0 4
PIT 1 4
PIT 0 2
PIT 1 3
PIT 0 5
PIT 0 0
PIT 1 5
PIT 0 0
PIT 1 2
PIT 1 4
PIT 0 0
PIT 1 5
PIT 0 0
PIT 1 3
PIT 0 1
PIT 1 4
PIT 0 2
PIT 1 5
PIT 0 0
PIT 0 1
GAMEOVER WINNER 0         Player-0 score: 44  Player-1 score: 28
# Game ended: Sun Apr 09 13:50:58 EDT 2017
