# Server version 0.08 running on 142.157.42.13:8123
# Game ID: 74
# Board class: bohnenspiel.BohnenspielBoard
# Timeout: 300000
# First Move Timeout: 30000
# Date: Thu Mar 30 10:10:26 EDT 2017
# Player 1: Player-0, '260556530', running on 142.157.42.13
# Player 2: Player-1, '260556530', running on 142.157.42.13
START Player-0 260556530
START Player-1 260556530
PIT 0 0
PIT 1 0
PIT 0 1
PIT 1 3
PIT 0 4
PIT 1 1
PIT 0 0
PIT 0 1
PIT 1 0
PIT 0 2
PIT 1 1
PIT 0 0
PIT 1 0
PIT 0 2
PIT 0 3
PIT 1 5
PIT 0 0
PIT 1 3
PIT 0 1
PIT 1 4
PIT 0 4
PIT 1 0
PIT 0 2
PIT 1 4
PIT 0 1
PIT 1 0
PIT 0 3
PIT 1 0
PIT 0 2
PIT 1 3
PIT 1 1
PIT 0 0
PIT 1 5
PIT 0 0
PIT 1 4
PIT 0 0
PIT 1 3
PIT 0 2
PIT 1 2
PIT 0 3
PIT 1 4
PIT 1 5
PIT 0 0
PIT 1 3
PIT 0 3
PIT 1 4
PIT 0 1
GAMEOVER WINNER 0         Player-0 score: 56  Player-1 score: 16
# Game ended: Thu Mar 30 10:10:26 EDT 2017
