# Server version 0.08 running on 142.157.167.213:8123
# Game ID: 116
# Board class: bohnenspiel.BohnenspielBoard
# Timeout: 300000
# First Move Timeout: 30000
# Date: Thu Mar 23 13:19:59 EDT 2017
# Player 1: Player-0, '260556530', running on 142.157.167.213
# Player 2: Player-1, '260556530', running on 142.157.167.213
START Player-0 260556530
START Player-1 260556530
PIT 0 0
PIT 1 0
PIT 0 5
PIT 1 1
PIT 0 3
PIT 1 0
PIT 1 1
PIT 0 4
PIT 1 0
PIT 0 1
PIT 1 3
PIT 0 4
PIT 1 5
PIT 0 0
PIT 1 2
PIT 0 2
PIT 1 3
PIT 0 4
PIT 1 0
PIT 0 0
PIT 1 1
PIT 1 3
PIT 0 5
PIT 1 0
PIT 0 2
PIT 1 2
PIT 0 0
PIT 0 3
PIT 0 4
PIT 1 4
PIT 0 2
PIT 1 5
PIT 0 5
PIT 1 4
PIT 0 0
PIT 1 5
PIT 0 0
GAMEOVER WINNER 0         Player-0 score: 44  Player-1 score: 28
# Game ended: Thu Mar 23 13:19:59 EDT 2017
