# Server version 0.08 running on 10.96.48.182:8123
# Game ID: 96
# Board class: bohnenspiel.BohnenspielBoard
# Timeout: 300000
# First Move Timeout: 30000
# Date: Fri Apr 07 19:25:38 EDT 2017
# Player 1: Player-0, '260556530', running on 10.96.48.182
# Player 2: Player-1, '260556530', running on 10.96.48.182
START Player-0 260556530
START Player-1 260556530
PIT 0 0
PIT 1 0
PIT 0 1
PIT 1 3
PIT 0 4
PIT 1 1
PIT 0 0
PIT 0 1
PIT 1 0
PIT 0 2
PIT 1 1
PIT 0 0
PIT 1 0
PIT 0 2
PIT 0 3
PIT 1 5
PIT 0 0
PIT 1 3
PIT 0 1
PIT 1 4
PIT 0 4
PIT 1 0
PIT 0 2
PIT 1 4
PIT 0 1
PIT 1 0
PIT 0 3
PIT 1 0
PIT 0 2
PIT 1 3
PIT 1 1
PIT 0 0
PIT 1 5
PIT 0 0
PIT 1 4
PIT 0 0
PIT 1 3
PIT 0 2
PIT 1 2
PIT 0 3
PIT 1 4
PIT 1 5
PIT 0 0
PIT 1 3
PIT 0 3
PIT 1 4
PIT 0 1
GAMEOVER WINNER 0         Player-0 score: 56  Player-1 score: 16
# Game ended: Fri Apr 07 19:25:39 EDT 2017
