# Server version 0.08 running on 192.168.2.10:8123
# Game ID: 459
# Board class: bohnenspiel.BohnenspielBoard
# Timeout: 300000
# First Move Timeout: 30000
# Date: Sun Apr 09 10:20:20 EDT 2017
# Player 1: Player-0, '260556530', running on 192.168.2.10
# Player 2: Player-1, 'GreedyPlayer', running on 192.168.2.10
START Player-0 260556530
START Player-1 GreedyPlayer
PIT 1 0
PIT 0 0
PIT 1 1
PIT 0 3
PIT 1 0
PIT 0 0
PIT 1 2
PIT 1 5
PIT 0 1
PIT 1 5
PIT 0 3
PIT 1 4
PIT 0 0
PIT 1 0
PIT 0 3
PIT 1 2
PIT 0 5
PIT 1 4
PIT 0 1
PIT 1 2
PIT 0 2
PIT 1 5
PIT 0 2
PIT 1 1
PIT 0 1
PIT 1 4
PIT 0 2
PIT 1 0
PIT 0 5
PIT 1 0
PIT 0 4
PIT 1 1
PIT 0 0
PIT 1 3
PIT 0 0
PIT 1 1
PIT 0 3
PIT 1 0
PIT 0 1
PIT 1 2
PIT 0 1
PIT 0 0
PIT 1 3
PIT 0 2
PIT 0 1
GAMEOVER WINNER 1         Player-0 score: 28  Player-1 score: 44
# Game ended: Sun Apr 09 10:20:21 EDT 2017
