# Server version 0.08 running on 142.157.182.164:8123
# Game ID: 105
# Board class: bohnenspiel.BohnenspielBoard
# Timeout: 300000
# First Move Timeout: 30000
# Date: Thu Mar 23 11:33:54 EDT 2017
# Player 1: Player-0, '260556530', running on 142.157.182.164
# Player 2: Player-1, 'Human', running on 142.157.182.164
START Player-0 260556530
START Player-1 Human
PIT 0 0
PIT 1 0
PIT 0 5
PIT 1 0
PIT 0 1
PIT 1 1
PIT 0 4
PIT 1 1
PIT 0 5
PIT 1 0
PIT 0 2
PIT 1 2
PIT 0 5
PIT 1 3
PIT 0 0
PIT 1 4
PIT 0 1
PIT 1 5
PIT 0 2
PIT 1 1
PIT 0 5
PIT 1 1
PIT 0 0
PIT 1 0
PIT 0 1
PIT 1 2
PIT 0 4
PIT 1 2
PIT 0 3
PIT 1 0
PIT 0 5
PIT 1 0
PIT 0 3
PIT 1 1
PIT 0 2
PIT 1 2
PIT 0 1
PIT 1 3
PIT 0 3
PIT 0 2
PIT 0 3
PIT 1 4
PIT 0 4
PIT 1 5
PIT 0 0
GAMEOVER WINNER 0         Player-0 score: 64  Player-1 score: 8
# Game ended: Thu Mar 23 11:35:33 EDT 2017
